SF:src/pyaddepar/__init__.py
end_of_record
SF:src/pyaddepar/addeparrequest.py
DA:2,1
DA:4,1
DA:5,1
DA:6,1
DA:7,1
DA:8,1
DA:10,1
DA:11,1
DA:14,1
DA:15,1
DA:16,1
DA:17,1
DA:18,1
DA:21,1
DA:22,1
DA:23,1
DA:24,1
DA:27,1
DA:28,1
DA:29,1
DA:30,1
DA:33,1
DA:34,1
DA:35,1
DA:36,1
DA:37,1
DA:38,1
DA:39,1
DA:41,1
DA:42,1
DA:43,1
DA:45,1
DA:46,1
DA:47,1
DA:53,1
DA:54,1
DA:55,1
DA:59,1
DA:60,1
DA:63,1
DA:69,1
DA:72,1
DA:73,0
DA:79,1
DA:81,1
DA:82,1
DA:85,1
DA:90,1
DA:97,1
DA:98,0
DA:104,1
DA:106,1
DA:107,1
DA:110,1
DA:114,1
DA:115,1
DA:116,1
DA:118,1
DA:126,1
DA:137,1
DA:141,1
DA:142,1
DA:144,1
DA:152,0
DA:163,0
DA:167,0
DA:168,0
DA:170,1
DA:171,1
DA:172,1
DA:173,1
DA:174,1
DA:175,0
DA:176,0
DA:178,1
DA:179,1
DA:181,1
DA:182,1
DA:183,1
DA:185,1
DA:186,1
DA:187,1
DA:189,1
DA:190,1
DA:194,1
DA:195,1
DA:199,1
DA:200,1
DA:204,1
DA:205,0
DA:208,0
DA:210,1
DA:211,1
DA:212,1
DA:214,1
DA:215,1
DA:216,1
LF:97
LH:87
FN:28,30,AttrDict.__init__
FNDA:1,AttrDict.__init__
FN:34,39,AddeparRequest.__init__
FNDA:1,AddeparRequest.__init__
FN:42,43,AddeparRequest.auth
FNDA:1,AddeparRequest.auth
FN:46,51,AddeparRequest.headers
FNDA:1,AddeparRequest.headers
FN:54,57,AddeparRequest.dicturl
FNDA:1,AddeparRequest.dicturl
FN:59,79,AddeparRequest.get
FNDA:1,AddeparRequest.get
FN:81,104,AddeparRequest.post
FNDA:1,AddeparRequest.post
FN:106,112,AddeparRequest.delete
FNDA:1,AddeparRequest.delete
FN:115,116,AddeparRequest.version
FNDA:1,AddeparRequest.version
FN:118,142,AddeparRequest.view_csv
FNDA:1,AddeparRequest.view_csv
FN:144,168,AddeparRequest.transaction_csv
FNDA:0,AddeparRequest.transaction_csv
FN:170,179,AddeparRequest.entities
FNDA:1,AddeparRequest.entities
FN:182,183,AddeparRequest.users
FNDA:1,AddeparRequest.users
FN:186,187,AddeparRequest.groups
FNDA:1,AddeparRequest.groups
FN:189,192,AddeparRequest.group
FNDA:1,AddeparRequest.group
FN:194,197,AddeparRequest.user
FNDA:1,AddeparRequest.user
FN:199,202,AddeparRequest.entity
FNDA:1,AddeparRequest.entity
FN:204,208,AddeparRequest.members
FNDA:0,AddeparRequest.members
FN:211,212,AddeparRequest.persons
FNDA:1,AddeparRequest.persons
FN:215,216,AddeparRequest.options
FNDA:1,AddeparRequest.options
FNF:20
FNH:18
end_of_record
SF:src/pyaddepar/flask_addepar.py
DA:2,1
DA:4,1
DA:6,1
DA:9,1
DA:10,1
DA:13,1
DA:16,1
DA:17,1
DA:18,1
DA:19,1
DA:21,1
DA:22,1
DA:23,1
DA:25,1
DA:27,1
DA:29,1
DA:30,1
DA:32,1
DA:35,0
DA:37,1
DA:40,1
DA:43,1
DA:47,1
DA:48,1
DA:50,1
DA:51,1
DA:55,1
DA:58,1
DA:64,1
DA:65,1
DA:68,1
DA:71,1
LF:32
LH:31
FN:16,19,Addepar.__init__
FNDA:1,Addepar.__init__
FN:21,48,Addepar.init_app
FNDA:1,Addepar.init_app
FN:51,55,Addepar.request
FNDA:1,Addepar.request
FN:58,68,create_requests
FNDA:1,create_requests
FNF:4
FNH:4
end_of_record
